Arguments: 
  /usr/local/Cellar/node/8.2.1/bin/node /Users/santi/.yarn/bin/yarn.js install

PATH: 
  /Users/santi/.yarn/bin:/usr/local/bin:/usr/bin:/bin:/usr/sbin:/sbin:/Applications/Wireshark.app/Contents/MacOS:/Users/santi/bin/:/Users/santi/bin/:/Users/santi/bin/

Yarn version: 
  0.28.4

Node version: 
  8.2.1

Platform: 
  darwin x64

npm manifest: 
  {
    "name": "b",
    "version": "1.0.0",
    "main": "index.js",
    "license": "MIT",
    "dependencies": [
      "a": "^1.0.0"
    ]
  }

yarn manifest: 
  No manifest

Lockfile: 
  No lockfile

Trace: 
  SyntaxError: /Users/santi/react_projects/yarn-add-workspaces/packages/b/package.json: Unexpected token : in JSON at position 108
      at JSON.parse (<anonymous>)
      at /Users/santi/.yarn/lib/yarn-cli.js:787:57
      at Generator.next (<anonymous>)
      at step (/Users/santi/.yarn/lib/yarn-cli.js:91:30)
      at /Users/santi/.yarn/lib/yarn-cli.js:102:13
      at <anonymous>
